[INFO ] 2022-07-13 14:34:16.752 [main] OpenPage - makeSignIn method
[INFO ] 2022-07-13 14:34:19.764 [main] DepartmentsNewDepPage - sleepWait method
[INFO ] 2022-07-13 14:34:25.104 [main] DepartmentsNewDepPage - sleepWait method
[INFO ] 2022-07-13 14:34:25.172 [main] DepartmentsNewDepPage - pageIsVisible method
[INFO ] 2022-07-13 14:38:27.718 [main] OpenPage - makeSignIn method
[INFO ] 2022-07-13 14:38:30.730 [main] DepartmentsNewDepPage - sleepWait method
[INFO ] 2022-07-13 14:38:36.945 [main] DepartmentsNewDepPage - sleepWait method
[INFO ] 2022-07-13 14:38:37.012 [main] DepartmentsNewDepPage - pageIsVisible method
[INFO ] 2022-07-13 14:38:40.021 [main] DepartmentsNewDepPage - sleepWait method
[INFO ] 2022-07-13 14:39:13.076 [main] OpenPage - makeSignIn method
[INFO ] 2022-07-13 14:39:16.097 [main] DepartmentsNewDepPage - sleepWait method
[INFO ] 2022-07-13 14:39:22.340 [main] DepartmentsNewDepPage - sleepWait method
[INFO ] 2022-07-13 14:39:23.046 [main] DepartmentsNewDepPage - pageIsVisible method
[INFO ] 2022-07-13 14:39:26.053 [main] DepartmentsNewDepPage - sleepWait method
[INFO ] 2022-07-13 14:39:27.259 [main] DepartmentsNewDepPage - clickOnTheFirstElementInAList method
[INFO ] 2022-07-13 14:39:27.872 [main] DepartmentsNewDepPage - pageIsVisible method
[INFO ] 2022-07-13 14:39:29.878 [main] DepartmentsNewDepPage - sleepWait method
[INFO ] 2022-07-13 14:39:30.482 [main] DepartmentsNewDepPage - enterDataToTheField method
[INFO ] 2022-07-13 14:39:33.488 [main] DepartmentsNewDepPage - sleepWait method
[INFO ] 2022-07-13 14:39:35.493 [main] DepartmentsNewDepPage - sleepWait method
[INFO ] 2022-07-13 14:39:36.053 [main] DepartmentsNewDepPage - enterDataToTheField method
[INFO ] 2022-07-13 14:39:39.058 [main] DepartmentsNewDepPage - sleepWait method
[INFO ] 2022-07-13 14:39:39.519 [main] DepartmentsNewDepPage - selectDataFromDropDownListByIndex method
[INFO ] 2022-07-13 14:39:41.608 [main] DepartmentsNewDepPage - sleepWait method
[INFO ] 2022-07-13 14:39:41.700 [main] DepartmentsNewDepPage - selectFromDropDownListByVisibleText method
[INFO ] 2022-07-13 14:39:42.354 [main] DepartmentsNewDepPage - pageIsVisible method
[INFO ] 2022-07-13 14:39:42.397 [main] DepartmentsNewDepPage - getNamesOfAnyColumns method
[INFO ] 2022-07-13 14:39:42.398 [main] DepartmentsNewDepPage - stringIsPresentInArray method
[INFO ] 2022-07-13 14:40:53.753 [main] OpenPage - makeSignIn method
[INFO ] 2022-07-13 14:40:55.766 [main] DepartmentsNewDepPage - sleepWait method
[INFO ] 2022-07-13 14:41:02.719 [main] DepartmentsNewDepPage - sleepWait method
[INFO ] 2022-07-13 14:41:05.300 [main] DepartmentsNewDepPage - pageIsVisible method
[INFO ] 2022-07-13 14:41:07.308 [main] DepartmentsNewDepPage - sleepWait method
[INFO ] 2022-07-13 14:41:08.847 [main] DepartmentsNewDepPage - clickOnTheFirstElementInAList method
[INFO ] 2022-07-13 14:41:09.091 [main] DepartmentsNewDepPage - pageIsVisible method
[INFO ] 2022-07-13 14:41:11.097 [main] DepartmentsNewDepPage - sleepWait method
[INFO ] 2022-07-13 14:41:11.396 [main] DepartmentsNewDepPage - enterDataToTheField method
[INFO ] 2022-07-13 14:41:14.402 [main] DepartmentsNewDepPage - sleepWait method
[INFO ] 2022-07-13 14:41:16.406 [main] DepartmentsNewDepPage - sleepWait method
[INFO ] 2022-07-13 14:41:16.867 [main] DepartmentsNewDepPage - enterDataToTheField method
[INFO ] 2022-07-13 14:41:19.873 [main] DepartmentsNewDepPage - sleepWait method
[INFO ] 2022-07-13 14:41:20.301 [main] DepartmentsNewDepPage - selectDataFromDropDownListByIndex method
[INFO ] 2022-07-13 14:41:22.377 [main] DepartmentsNewDepPage - sleepWait method
[INFO ] 2022-07-13 14:41:22.469 [main] DepartmentsNewDepPage - selectFromDropDownListByVisibleText method
[INFO ] 2022-07-13 14:41:22.839 [main] DepartmentsNewDepPage - pageIsVisible method
[INFO ] 2022-07-13 14:41:23.345 [main] DepartmentsNewDepPage - getNamesOfAnyColumns method
[INFO ] 2022-07-13 14:41:23.346 [main] DepartmentsNewDepPage - stringIsPresentInArray method
[INFO ] 2022-07-13 14:42:37.956 [main] OpenPage - makeSignIn method
[INFO ] 2022-07-13 14:42:39.969 [main] DepartmentsNewDepPage - sleepWait method
[INFO ] 2022-07-13 14:42:46.145 [main] DepartmentsNewDepPage - sleepWait method
[INFO ] 2022-07-13 14:42:46.743 [main] DepartmentsNewDepPage - pageIsVisible method
[INFO ] 2022-07-13 14:42:48.750 [main] DepartmentsNewDepPage - sleepWait method
[INFO ] 2022-07-13 14:42:49.952 [main] DepartmentsNewDepPage - clickOnTheFirstElementInAList method
[INFO ] 2022-07-13 14:42:50.348 [main] DepartmentsNewDepPage - pageIsVisible method
[INFO ] 2022-07-13 14:42:52.355 [main] DepartmentsNewDepPage - sleepWait method
[INFO ] 2022-07-13 14:42:52.780 [main] DepartmentsNewDepPage - enterDataToTheField method
[INFO ] 2022-07-13 14:42:55.786 [main] DepartmentsNewDepPage - sleepWait method
[INFO ] 2022-07-13 14:42:57.790 [main] DepartmentsNewDepPage - sleepWait method
[INFO ] 2022-07-13 14:42:58.342 [main] DepartmentsNewDepPage - enterDataToTheField method
[INFO ] 2022-07-13 14:43:01.347 [main] DepartmentsNewDepPage - sleepWait method
[INFO ] 2022-07-13 14:43:01.783 [main] DepartmentsNewDepPage - selectDataFromDropDownListByIndex method
[INFO ] 2022-07-13 14:43:03.867 [main] DepartmentsNewDepPage - sleepWait method
[INFO ] 2022-07-13 14:43:03.963 [main] DepartmentsNewDepPage - selectFromDropDownListByVisibleText method
[INFO ] 2022-07-13 14:43:04.341 [main] DepartmentsNewDepPage - pageIsVisible method
[INFO ] 2022-07-13 14:43:07.348 [main] DepartmentsNewDepPage - sleepWait method
[INFO ] 2022-07-13 14:43:07.551 [main] DepartmentsNewDepPage - getNamesOfAnyColumns method
[INFO ] 2022-07-13 14:43:07.552 [main] DepartmentsNewDepPage - stringIsPresentInArray method
[INFO ] 2022-07-13 14:43:32.200 [main] OpenPage - makeSignIn method
[INFO ] 2022-07-13 14:43:34.214 [main] DepartmentsNewDepPage - sleepWait method
[INFO ] 2022-07-13 14:43:40.409 [main] DepartmentsNewDepPage - sleepWait method
[INFO ] 2022-07-13 14:43:40.923 [main] DepartmentsNewDepPage - pageIsVisible method
[INFO ] 2022-07-13 14:43:42.930 [main] DepartmentsNewDepPage - sleepWait method
[INFO ] 2022-07-13 14:43:44.117 [main] DepartmentsNewDepPage - clickOnTheFirstElementInAList method
[INFO ] 2022-07-13 14:43:44.645 [main] DepartmentsNewDepPage - pageIsVisible method
[INFO ] 2022-07-13 14:43:46.651 [main] DepartmentsNewDepPage - sleepWait method
[INFO ] 2022-07-13 14:43:47.240 [main] DepartmentsNewDepPage - enterDataToTheField method
[INFO ] 2022-07-13 14:43:49.246 [main] DepartmentsNewDepPage - sleepWait method
[INFO ] 2022-07-13 14:43:51.252 [main] DepartmentsNewDepPage - sleepWait method
[INFO ] 2022-07-13 14:43:51.859 [main] DepartmentsNewDepPage - enterDataToTheField method
[INFO ] 2022-07-13 14:43:54.865 [main] DepartmentsNewDepPage - sleepWait method
[INFO ] 2022-07-13 14:43:55.217 [main] DepartmentsNewDepPage - selectDataFromDropDownListByIndex method
[INFO ] 2022-07-13 14:43:57.348 [main] DepartmentsNewDepPage - sleepWait method
[INFO ] 2022-07-13 14:43:57.433 [main] DepartmentsNewDepPage - selectFromDropDownListByVisibleText method
[INFO ] 2022-07-13 14:43:58.142 [main] DepartmentsNewDepPage - pageIsVisible method
[INFO ] 2022-07-13 14:44:00.147 [main] DepartmentsNewDepPage - sleepWait method
[INFO ] 2022-07-13 14:44:00.380 [main] DepartmentsNewDepPage - getNamesOfAnyColumns method
[INFO ] 2022-07-13 14:44:00.381 [main] DepartmentsNewDepPage - stringIsPresentInArray method
[INFO ] 2022-07-13 15:15:14.496 [main] OpenPage - makeSignIn method
[INFO ] 2022-07-13 15:15:16.505 [main] DepartmentsNewDepPage - sleepWait method
[INFO ] 2022-07-13 15:15:23.058 [main] DepartmentsNewDepPage - sleepWait method
[INFO ] 2022-07-13 15:15:23.727 [main] DepartmentsNewDepPage - pageIsVisible method
[INFO ] 2022-07-13 15:15:25.731 [main] DepartmentsNewDepPage - sleepWait method
[INFO ] 2022-07-13 15:15:26.888 [main] DepartmentsNewDepPage - clickOnTheFirstElementInAList method
[INFO ] 2022-07-13 15:15:27.181 [main] DepartmentsNewDepPage - pageIsVisible method
[INFO ] 2022-07-13 15:15:29.186 [main] DepartmentsNewDepPage - sleepWait method
[INFO ] 2022-07-13 15:15:29.545 [main] DepartmentsNewDepPage - enterDataToTheField method
[INFO ] 2022-07-13 15:15:31.551 [main] DepartmentsNewDepPage - sleepWait method
[INFO ] 2022-07-13 15:15:33.560 [main] DepartmentsNewDepPage - sleepWait method
[INFO ] 2022-07-13 15:15:34.473 [main] DepartmentsNewDepPage - enterDataToTheField method
[INFO ] 2022-07-13 15:15:37.478 [main] DepartmentsNewDepPage - sleepWait method
[INFO ] 2022-07-13 15:15:37.927 [main] DepartmentsNewDepPage - selectDataFromDropDownListByIndex method
[INFO ] 2022-07-13 15:15:40.045 [main] DepartmentsNewDepPage - sleepWait method
[INFO ] 2022-07-13 15:15:40.139 [main] DepartmentsNewDepPage - selectFromDropDownListByVisibleText method
[INFO ] 2022-07-13 15:15:40.778 [main] DepartmentsNewDepPage - pageIsVisible method
[INFO ] 2022-07-13 15:15:42.784 [main] DepartmentsNewDepPage - sleepWait method
[INFO ] 2022-07-13 15:15:43.010 [main] DepartmentsNewDepPage - getNamesOfAnyColumns method
[INFO ] 2022-07-13 15:15:43.011 [main] DepartmentsNewDepPage - stringIsPresentInArray method
[INFO ] 2022-07-13 15:22:11.024 [main] OpenPage - makeSignIn method
[INFO ] 2022-07-13 15:22:13.036 [main] DepartmentsNewDepPage - sleepWait method
[INFO ] 2022-07-13 15:22:19.567 [main] DepartmentsNewDepPage - sleepWait method
[INFO ] 2022-07-13 15:22:20.235 [main] DepartmentsNewDepPage - pageIsVisible method
[INFO ] 2022-07-13 15:22:22.239 [main] DepartmentsNewDepPage - sleepWait method
[INFO ] 2022-07-13 15:22:23.425 [main] DepartmentsNewDepPage - clickOnTheFirstElementInAList method
[INFO ] 2022-07-13 15:22:23.839 [main] DepartmentsNewDepPage - pageIsVisible method
[INFO ] 2022-07-13 15:22:25.845 [main] DepartmentsNewDepPage - sleepWait method
[INFO ] 2022-07-13 15:22:26.416 [main] DepartmentsNewDepPage - enterDataToTheField method
[INFO ] 2022-07-13 15:22:28.422 [main] DepartmentsNewDepPage - sleepWait method
[INFO ] 2022-07-13 15:22:30.428 [main] DepartmentsNewDepPage - sleepWait method
[INFO ] 2022-07-13 15:22:31.149 [main] DepartmentsNewDepPage - enterDataToTheField method
[INFO ] 2022-07-13 15:22:34.155 [main] DepartmentsNewDepPage - sleepWait method
[INFO ] 2022-07-13 15:22:34.546 [main] DepartmentsNewDepPage - selectDataFromDropDownListByIndex method
[INFO ] 2022-07-13 15:22:36.623 [main] DepartmentsNewDepPage - sleepWait method
[INFO ] 2022-07-13 15:22:36.729 [main] DepartmentsNewDepPage - selectFromDropDownListByVisibleText method
[INFO ] 2022-07-13 15:22:37.425 [main] DepartmentsNewDepPage - pageIsVisible method
[INFO ] 2022-07-13 15:22:39.427 [main] DepartmentsNewDepPage - sleepWait method
[INFO ] 2022-07-13 15:22:39.617 [main] DepartmentsNewDepPage - getNamesOfAnyColumns method
[INFO ] 2022-07-13 15:22:39.618 [main] DepartmentsNewDepPage - stringIsPresentInArray method
